[29/Aug/2020 14:29:27] INFO [django.utils.autoreload:612] Watching for file changes with StatReloader
[29/Aug/2020 14:29:34] ERROR [django.request:224] Internal Server Error: /
Traceback (most recent call last):
  File "C:\Users\Naveen Selvaraj\AppData\Local\Programs\Python\Python38\lib\site-packages\django\core\handlers\exception.py", line 47, in inner
    response = get_response(request)
  File "C:\Users\Naveen Selvaraj\AppData\Local\Programs\Python\Python38\lib\site-packages\django\core\handlers\base.py", line 179, in _get_response
    response = wrapped_callback(request, *callback_args, **callback_kwargs)
  File "E:\Learning\Coda\MRS\MovieReviewSystem\review\views.py", line 20, in signin
    email = form.cleaned_data['email']
KeyError: 'email'
[29/Aug/2020 14:29:34] ERROR [django.server:157] "POST / HTTP/1.1" 500 69552
[29/Aug/2020 14:29:38] INFO [django.server:157] "GET / HTTP/1.1" 200 4377
[29/Aug/2020 14:29:40] ERROR [django.request:224] Internal Server Error: /
Traceback (most recent call last):
  File "C:\Users\Naveen Selvaraj\AppData\Local\Programs\Python\Python38\lib\site-packages\django\core\handlers\exception.py", line 47, in inner
    response = get_response(request)
  File "C:\Users\Naveen Selvaraj\AppData\Local\Programs\Python\Python38\lib\site-packages\django\core\handlers\base.py", line 179, in _get_response
    response = wrapped_callback(request, *callback_args, **callback_kwargs)
  File "E:\Learning\Coda\MRS\MovieReviewSystem\review\views.py", line 20, in signin
    email = form.cleaned_data['email']
KeyError: 'email'
[29/Aug/2020 14:29:40] ERROR [django.server:157] "POST / HTTP/1.1" 500 69552
[29/Aug/2020 14:31:33] INFO [django.utils.autoreload:236] E:\Learning\Coda\MRS\MovieReviewSystem\review\views.py changed, reloading.
[29/Aug/2020 14:31:34] INFO [django.utils.autoreload:612] Watching for file changes with StatReloader
[29/Aug/2020 14:32:09] INFO [django.utils.autoreload:236] E:\Learning\Coda\MRS\MovieReviewSystem\review\views.py changed, reloading.
[29/Aug/2020 14:32:10] INFO [django.utils.autoreload:612] Watching for file changes with StatReloader
[29/Aug/2020 14:32:44] INFO [django.utils.autoreload:236] E:\Learning\Coda\MRS\MovieReviewSystem\review\views.py changed, reloading.
[29/Aug/2020 14:32:47] INFO [django.utils.autoreload:612] Watching for file changes with StatReloader
[29/Aug/2020 14:33:23] INFO [django.utils.autoreload:236] E:\Learning\Coda\MRS\MovieReviewSystem\review\views.py changed, reloading.
[29/Aug/2020 14:33:25] INFO [django.utils.autoreload:612] Watching for file changes with StatReloader
[29/Aug/2020 14:34:11] INFO [django.utils.autoreload:236] E:\Learning\Coda\MRS\MovieReviewSystem\review\urls.py changed, reloading.
[29/Aug/2020 14:34:14] INFO [django.utils.autoreload:612] Watching for file changes with StatReloader
[29/Aug/2020 14:37:36] INFO [django.utils.autoreload:612] Watching for file changes with StatReloader
[29/Aug/2020 14:38:00] INFO [django.utils.autoreload:236] E:\Learning\Coda\MRS\MovieReviewSystem\review\views.py changed, reloading.
[29/Aug/2020 14:38:03] INFO [django.utils.autoreload:612] Watching for file changes with StatReloader
[29/Aug/2020 14:38:08] INFO [django.server:157] "GET / HTTP/1.1" 200 4377
[29/Aug/2020 14:38:12] ERROR [django.request:224] Internal Server Error: /
Traceback (most recent call last):
  File "C:\Users\Naveen Selvaraj\AppData\Local\Programs\Python\Python38\lib\site-packages\django\core\handlers\exception.py", line 47, in inner
    response = get_response(request)
  File "C:\Users\Naveen Selvaraj\AppData\Local\Programs\Python\Python38\lib\site-packages\django\core\handlers\base.py", line 179, in _get_response
    response = wrapped_callback(request, *callback_args, **callback_kwargs)
  File "E:\Learning\Coda\MRS\MovieReviewSystem\review\views.py", line 25, in signin
    user = authenticate(username=Username, password=pwsd)
NameError: name 'authenticate' is not defined
[29/Aug/2020 14:38:12] ERROR [django.server:157] "POST / HTTP/1.1" 500 70104
[29/Aug/2020 14:38:45] INFO [django.utils.autoreload:236] E:\Learning\Coda\MRS\MovieReviewSystem\review\views.py changed, reloading.
[29/Aug/2020 14:38:47] INFO [django.utils.autoreload:612] Watching for file changes with StatReloader
[29/Aug/2020 14:38:52] INFO [django.server:157] "POST / HTTP/1.1" 302 0
[29/Aug/2020 14:38:52] ERROR [django.request:224] Internal Server Error: /review/
Traceback (most recent call last):
  File "C:\Users\Naveen Selvaraj\AppData\Local\Programs\Python\Python38\lib\site-packages\django\core\handlers\exception.py", line 47, in inner
    response = get_response(request)
  File "C:\Users\Naveen Selvaraj\AppData\Local\Programs\Python\Python38\lib\site-packages\django\core\handlers\base.py", line 179, in _get_response
    response = wrapped_callback(request, *callback_args, **callback_kwargs)
  File "C:\Users\Naveen Selvaraj\AppData\Local\Programs\Python\Python38\lib\site-packages\django\contrib\auth\decorators.py", line 21, in _wrapped_view
    return view_func(request, *args, **kwargs)
  File "E:\Learning\Coda\MRS\MovieReviewSystem\review\views.py", line 46, in dashboard
    return HttpResonse("Successfully logged in")
NameError: name 'HttpResonse' is not defined
[29/Aug/2020 14:38:52] ERROR [django.server:157] "GET /review/ HTTP/1.1" 500 72605
[29/Aug/2020 14:38:56] INFO [django.server:157] "GET / HTTP/1.1" 200 4377
[29/Aug/2020 14:38:59] INFO [django.server:157] "POST / HTTP/1.1" 302 0
[29/Aug/2020 14:38:59] ERROR [django.request:224] Internal Server Error: /review/
Traceback (most recent call last):
  File "C:\Users\Naveen Selvaraj\AppData\Local\Programs\Python\Python38\lib\site-packages\django\core\handlers\exception.py", line 47, in inner
    response = get_response(request)
  File "C:\Users\Naveen Selvaraj\AppData\Local\Programs\Python\Python38\lib\site-packages\django\core\handlers\base.py", line 179, in _get_response
    response = wrapped_callback(request, *callback_args, **callback_kwargs)
  File "C:\Users\Naveen Selvaraj\AppData\Local\Programs\Python\Python38\lib\site-packages\django\contrib\auth\decorators.py", line 21, in _wrapped_view
    return view_func(request, *args, **kwargs)
  File "E:\Learning\Coda\MRS\MovieReviewSystem\review\views.py", line 46, in dashboard
    return HttpResonse("Successfully logged in")
NameError: name 'HttpResonse' is not defined
[29/Aug/2020 14:38:59] ERROR [django.server:157] "GET /review/ HTTP/1.1" 500 72605
[29/Aug/2020 14:39:16] INFO [django.utils.autoreload:236] E:\Learning\Coda\MRS\MovieReviewSystem\review\views.py changed, reloading.
[29/Aug/2020 14:39:18] INFO [django.utils.autoreload:612] Watching for file changes with StatReloader
[29/Aug/2020 14:39:19] INFO [django.server:157] "GET /review/ HTTP/1.1" 200 22
[29/Aug/2020 14:39:23] INFO [django.server:157] "GET / HTTP/1.1" 200 4377
[29/Aug/2020 14:39:26] INFO [django.server:157] "POST / HTTP/1.1" 302 0
[29/Aug/2020 14:39:26] INFO [django.server:157] "GET /review/ HTTP/1.1" 200 22
[29/Aug/2020 14:39:42] INFO [django.server:157] "GET / HTTP/1.1" 200 4377
[29/Aug/2020 14:43:24] INFO [django.utils.autoreload:236] E:\Learning\Coda\MRS\MovieReviewSystem\review\views.py changed, reloading.
[29/Aug/2020 14:43:27] INFO [django.utils.autoreload:612] Watching for file changes with StatReloader
[29/Aug/2020 14:43:46] INFO [django.utils.autoreload:236] E:\Learning\Coda\MRS\MovieReviewSystem\review\views.py changed, reloading.
[29/Aug/2020 14:43:48] INFO [django.utils.autoreload:612] Watching for file changes with StatReloader
[29/Aug/2020 14:43:56] INFO [django.server:157] "POST / HTTP/1.1" 302 0
[29/Aug/2020 14:43:57] INFO [django.server:157] "GET /review/ HTTP/1.1" 200 22
[29/Aug/2020 14:44:03] ERROR [django.request:224] Internal Server Error: /
Traceback (most recent call last):
  File "C:\Users\Naveen Selvaraj\AppData\Local\Programs\Python\Python38\lib\site-packages\django\core\handlers\exception.py", line 47, in inner
    response = get_response(request)
  File "C:\Users\Naveen Selvaraj\AppData\Local\Programs\Python\Python38\lib\site-packages\django\core\handlers\base.py", line 179, in _get_response
    response = wrapped_callback(request, *callback_args, **callback_kwargs)
  File "E:\Learning\Coda\MRS\MovieReviewSystem\review\views.py", line 13, in signin
    if request.user.is_authenticated():
TypeError: 'bool' object is not callable
[29/Aug/2020 14:44:03] ERROR [django.server:157] "GET / HTTP/1.1" 500 68215
[29/Aug/2020 14:46:31] INFO [django.utils.autoreload:612] Watching for file changes with StatReloader
[29/Aug/2020 14:47:12] INFO [django.server:157] "GET / HTTP/1.1" 302 0
[29/Aug/2020 14:47:12] INFO [django.server:157] "GET /review/ HTTP/1.1" 200 22
[29/Aug/2020 14:47:17] INFO [django.server:157] "GET / HTTP/1.1" 302 0
[29/Aug/2020 14:47:17] INFO [django.server:157] "GET /review/ HTTP/1.1" 200 22
[29/Aug/2020 14:47:21] INFO [django.server:157] "GET / HTTP/1.1" 302 0
[29/Aug/2020 14:47:21] INFO [django.server:157] "GET /review/ HTTP/1.1" 200 22
[29/Aug/2020 14:56:52] INFO [django.utils.autoreload:236] E:\Learning\Coda\MRS\MovieReviewSystem\review\views.py changed, reloading.
[29/Aug/2020 14:56:54] INFO [django.utils.autoreload:612] Watching for file changes with StatReloader
[29/Aug/2020 14:57:24] INFO [django.server:157] "GET / HTTP/1.1" 302 0
[29/Aug/2020 14:57:24] ERROR [django.request:224] Internal Server Error: /review/
Traceback (most recent call last):
  File "C:\Users\Naveen Selvaraj\AppData\Local\Programs\Python\Python38\lib\site-packages\django\core\handlers\exception.py", line 47, in inner
    response = get_response(request)
  File "C:\Users\Naveen Selvaraj\AppData\Local\Programs\Python\Python38\lib\site-packages\django\core\handlers\base.py", line 179, in _get_response
    response = wrapped_callback(request, *callback_args, **callback_kwargs)
  File "C:\Users\Naveen Selvaraj\AppData\Local\Programs\Python\Python38\lib\site-packages\django\contrib\auth\decorators.py", line 21, in _wrapped_view
    return view_func(request, *args, **kwargs)
  File "E:\Learning\Coda\MRS\MovieReviewSystem\review\views.py", line 49, in dashboard
    return render('home.html')
TypeError: render() missing 1 required positional argument: 'template_name'
[29/Aug/2020 14:57:24] ERROR [django.server:157] "GET /review/ HTTP/1.1" 500 72405
[29/Aug/2020 14:57:55] INFO [django.utils.autoreload:236] E:\Learning\Coda\MRS\MovieReviewSystem\review\views.py changed, reloading.
[29/Aug/2020 14:57:56] INFO [django.utils.autoreload:612] Watching for file changes with StatReloader
[29/Aug/2020 14:57:57] INFO [django.server:157] "GET /review/ HTTP/1.1" 200 730
[29/Aug/2020 14:58:34] INFO [django.server:157] "GET /review/ HTTP/1.1" 200 735
[29/Aug/2020 15:01:44] INFO [django.server:157] "GET /review/ HTTP/1.1" 200 1048
[29/Aug/2020 15:02:00] INFO [django.server:157] "GET /review/ HTTP/1.1" 200 1048
[29/Aug/2020 15:02:29] INFO [django.server:157] "GET /review/ HTTP/1.1" 200 1080
[29/Aug/2020 15:04:37] INFO [django.server:157] "GET /review/ HTTP/1.1" 200 2541
[29/Aug/2020 15:05:35] INFO [django.server:157] "GET /review/ HTTP/1.1" 200 2097
[29/Aug/2020 15:06:44] INFO [django.server:157] "GET /review/ HTTP/1.1" 200 2346
[29/Aug/2020 15:07:42] INFO [django.server:157] "GET /review/ HTTP/1.1" 200 2335
[29/Aug/2020 15:08:50] INFO [django.server:157] "GET /review/ HTTP/1.1" 200 2562
[29/Aug/2020 15:09:13] INFO [django.server:157] "GET /review/ HTTP/1.1" 200 2561
[29/Aug/2020 15:10:43] INFO [django.server:157] "GET /review/ HTTP/1.1" 200 2593
[29/Aug/2020 15:15:38] INFO [django.utils.autoreload:236] E:\Learning\Coda\MRS\MovieReviewSystem\review\forms.py changed, reloading.
[29/Aug/2020 15:15:41] INFO [django.utils.autoreload:612] Watching for file changes with StatReloader
[29/Aug/2020 15:16:22] INFO [django.utils.autoreload:236] E:\Learning\Coda\MRS\MovieReviewSystem\review\forms.py changed, reloading.
[29/Aug/2020 15:16:24] INFO [django.utils.autoreload:612] Watching for file changes with StatReloader
[29/Aug/2020 15:16:42] INFO [django.utils.autoreload:236] E:\Learning\Coda\MRS\MovieReviewSystem\review\forms.py changed, reloading.
[29/Aug/2020 15:16:44] INFO [django.utils.autoreload:612] Watching for file changes with StatReloader
[29/Aug/2020 15:17:05] INFO [django.utils.autoreload:236] E:\Learning\Coda\MRS\MovieReviewSystem\review\forms.py changed, reloading.
[29/Aug/2020 15:17:08] INFO [django.utils.autoreload:612] Watching for file changes with StatReloader
[29/Aug/2020 15:27:09] INFO [django.server:157] "GET /review/ HTTP/1.1" 200 2574
[29/Aug/2020 15:27:25] INFO [django.server:157] "GET /review/ HTTP/1.1" 200 2564
[29/Aug/2020 15:28:11] INFO [django.utils.autoreload:236] E:\Learning\Coda\MRS\MovieReviewSystem\review\views.py changed, reloading.
[29/Aug/2020 15:28:14] INFO [django.utils.autoreload:612] Watching for file changes with StatReloader
[29/Aug/2020 15:29:01] INFO [django.utils.autoreload:236] E:\Learning\Coda\MRS\MovieReviewSystem\review\views.py changed, reloading.
[29/Aug/2020 15:29:03] INFO [django.utils.autoreload:612] Watching for file changes with StatReloader
[29/Aug/2020 15:29:08] INFO [django.utils.autoreload:236] E:\Learning\Coda\MRS\MovieReviewSystem\review\forms.py changed, reloading.
[29/Aug/2020 15:29:10] INFO [django.utils.autoreload:612] Watching for file changes with StatReloader
[29/Aug/2020 15:29:13] INFO [django.server:157] "GET /review/ HTTP/1.1" 200 3475
[29/Aug/2020 15:29:40] INFO [django.server:157] "GET /review/ HTTP/1.1" 200 3475
[29/Aug/2020 15:29:49] INFO [django.server:157] "GET /review/ HTTP/1.1" 200 3472
[29/Aug/2020 15:30:08] INFO [django.server:157] "GET /review/ HTTP/1.1" 200 3472
[29/Aug/2020 15:30:13] INFO [django.server:157] "GET /review/ HTTP/1.1" 200 3469
[29/Aug/2020 15:30:41] INFO [django.server:157] "GET /review/ HTTP/1.1" 200 3477
[29/Aug/2020 15:30:56] INFO [django.server:157] "GET /review/ HTTP/1.1" 200 3481
[29/Aug/2020 15:31:02] INFO [django.server:157] "GET /review/ HTTP/1.1" 200 3481
[29/Aug/2020 15:31:55] INFO [django.server:157] "GET /review/ HTTP/1.1" 200 3439
[29/Aug/2020 15:32:13] INFO [django.server:157] "GET /review/ HTTP/1.1" 200 3439
[29/Aug/2020 15:33:06] INFO [django.utils.autoreload:236] E:\Learning\Coda\MRS\MovieReviewSystem\review\views.py changed, reloading.
[29/Aug/2020 15:33:08] INFO [django.utils.autoreload:612] Watching for file changes with StatReloader
[29/Aug/2020 15:33:16] INFO [django.utils.autoreload:236] E:\Learning\Coda\MRS\MovieReviewSystem\review\views.py changed, reloading.
[29/Aug/2020 15:33:18] INFO [django.utils.autoreload:612] Watching for file changes with StatReloader
[29/Aug/2020 15:34:12] INFO [django.server:157] "GET /review/ HTTP/1.1" 200 2387
[29/Aug/2020 15:34:23] INFO [django.server:157] "GET /review/ HTTP/1.1" 200 2393
[29/Aug/2020 15:34:39] INFO [django.server:157] "GET /review/ HTTP/1.1" 200 2393
[29/Aug/2020 15:36:53] INFO [django.server:157] "GET /review/ HTTP/1.1" 200 2398
[29/Aug/2020 15:36:56] INFO [django.server:157] "GET /review/ HTTP/1.1" 200 2398
[29/Aug/2020 15:37:08] INFO [django.server:157] "GET /review/ HTTP/1.1" 200 2411
[29/Aug/2020 15:37:50] INFO [django.server:157] "GET /review/ HTTP/1.1" 200 2396
[29/Aug/2020 15:41:25] INFO [django.server:157] "GET /review/ HTTP/1.1" 200 2471
[29/Aug/2020 15:41:26] WARNING [django.request:224] Not Found: /review/t.jpg
[29/Aug/2020 15:41:26] WARNING [django.server:157] "GET /review/t.jpg HTTP/1.1" 404 2278
[29/Aug/2020 15:41:27] INFO [django.server:157] "GET /review/ HTTP/1.1" 200 2471
[29/Aug/2020 15:41:27] WARNING [django.request:224] Not Found: /review/t.jpg
[29/Aug/2020 15:41:27] WARNING [django.server:157] "GET /review/t.jpg HTTP/1.1" 404 2278
[29/Aug/2020 15:41:28] INFO [django.server:157] "GET /review/ HTTP/1.1" 200 2471
[29/Aug/2020 15:41:28] WARNING [django.request:224] Not Found: /review/t.jpg
[29/Aug/2020 15:41:28] WARNING [django.server:157] "GET /review/t.jpg HTTP/1.1" 404 2278
[29/Aug/2020 15:41:58] INFO [django.server:157] "GET /review/ HTTP/1.1" 200 2473
[29/Aug/2020 15:41:58] WARNING [django.request:224] Not Found: /review/t.jpg
[29/Aug/2020 15:41:58] WARNING [django.server:157] "GET /review/t.jpg HTTP/1.1" 404 2278
[29/Aug/2020 15:44:56] INFO [django.server:157] "GET /review/ HTTP/1.1" 200 2417
[29/Aug/2020 15:44:56] WARNING [django.request:224] Not Found: /review/t.jpg
[29/Aug/2020 15:44:56] WARNING [django.server:157] "GET /review/t.jpg HTTP/1.1" 404 2278
[29/Aug/2020 15:45:44] INFO [django.server:157] "GET /review/ HTTP/1.1" 302 0
[29/Aug/2020 15:45:44] WARNING [django.request:224] Not Found: /accounts/login/
[29/Aug/2020 15:45:44] WARNING [django.server:157] "GET /accounts/login/?next=/review/ HTTP/1.1" 404 2234
[29/Aug/2020 15:45:44] WARNING [django.request:224] Not Found: /favicon.ico
[29/Aug/2020 15:45:44] WARNING [django.server:157] "GET /favicon.ico HTTP/1.1" 404 2208
[29/Aug/2020 15:45:49] INFO [django.server:157] "GET / HTTP/1.1" 200 4377
[29/Aug/2020 15:46:16] WARNING [django.request:224] Not Found: /review/t.jpg
[29/Aug/2020 15:46:16] WARNING [django.server:157] "GET /review/t.jpg HTTP/1.1" 404 2278
[29/Aug/2020 15:46:45] INFO [django.server:157] "GET /review/ HTTP/1.1" 200 2417
[29/Aug/2020 15:46:45] WARNING [django.request:224] Not Found: /review/t.jpg
[29/Aug/2020 15:46:45] WARNING [django.server:157] "GET /review/t.jpg HTTP/1.1" 404 2278
[29/Aug/2020 15:46:56] INFO [django.server:157] "GET /review/ HTTP/1.1" 200 2419
[29/Aug/2020 15:46:56] WARNING [django.request:224] Not Found: /review/t.jpg
[29/Aug/2020 15:46:56] WARNING [django.server:157] "GET /review/t.jpg HTTP/1.1" 404 2278
[29/Aug/2020 15:46:56] INFO [django.server:157] "GET /review/ HTTP/1.1" 200 2419
[29/Aug/2020 15:46:56] WARNING [django.request:224] Not Found: /review/t.jpg
[29/Aug/2020 15:46:56] WARNING [django.server:157] "GET /review/t.jpg HTTP/1.1" 404 2278
[29/Aug/2020 15:46:56] INFO [django.server:157] "GET /review/ HTTP/1.1" 200 2419
[29/Aug/2020 15:46:56] WARNING [django.request:224] Not Found: /review/t.jpg
[29/Aug/2020 15:46:56] WARNING [django.server:157] "GET /review/t.jpg HTTP/1.1" 404 2278
[29/Aug/2020 15:46:57] INFO [django.server:157] "GET /review/ HTTP/1.1" 200 2419
[29/Aug/2020 15:46:57] WARNING [django.request:224] Not Found: /review/t.jpg
[29/Aug/2020 15:46:57] WARNING [django.server:157] "GET /review/t.jpg HTTP/1.1" 404 2278
[29/Aug/2020 15:46:57] INFO [django.server:157] "GET /review/ HTTP/1.1" 200 2419
[29/Aug/2020 15:46:57] WARNING [django.request:224] Not Found: /review/t.jpg
[29/Aug/2020 15:46:57] WARNING [django.server:157] "GET /review/t.jpg HTTP/1.1" 404 2278
[29/Aug/2020 15:46:57] INFO [django.server:157] "GET /review/ HTTP/1.1" 200 2419
[29/Aug/2020 15:46:57] WARNING [django.request:224] Not Found: /review/t.jpg
[29/Aug/2020 15:46:57] WARNING [django.server:157] "GET /review/t.jpg HTTP/1.1" 404 2278
[29/Aug/2020 15:46:57] INFO [django.server:157] "GET /review/ HTTP/1.1" 200 2419
[29/Aug/2020 15:46:57] WARNING [django.request:224] Not Found: /review/t.jpg
[29/Aug/2020 15:46:57] WARNING [django.server:157] "GET /review/t.jpg HTTP/1.1" 404 2278
[29/Aug/2020 15:47:05] WARNING [django.request:224] Not Found: /review/t.jpg
[29/Aug/2020 15:47:05] WARNING [django.server:157] "GET /review/t.jpg HTTP/1.1" 404 2278
[29/Aug/2020 15:48:14] INFO [django.server:157] "GET /review/ HTTP/1.1" 200 2473
[29/Aug/2020 15:48:22] INFO [django.server:157] "GET /review/ HTTP/1.1" 200 2473
[29/Aug/2020 15:48:24] INFO [django.server:157] "GET /review/ HTTP/1.1" 200 2473
[29/Aug/2020 15:48:54] INFO [django.server:157] "GET /review/ HTTP/1.1" 200 2396
[29/Aug/2020 15:54:18] INFO [django.utils.autoreload:236] E:\Learning\Coda\MRS\MovieReviewSystem\review\models.py changed, reloading.
[29/Aug/2020 15:54:20] INFO [django.utils.autoreload:612] Watching for file changes with StatReloader
[29/Aug/2020 16:06:03] INFO [django.utils.autoreload:612] Watching for file changes with StatReloader
[29/Aug/2020 16:06:06] INFO [django.server:157] "GET /review/ HTTP/1.1" 200 2462
[29/Aug/2020 16:06:06] WARNING [django.server:157] "GET /static/review/images/t.jpg HTTP/1.1" 404 1683
[29/Aug/2020 16:06:20] WARNING [django.server:157] "GET /static/review/images/t.jpg HTTP/1.1" 404 1683
[29/Aug/2020 16:07:30] WARNING [django.server:157] "GET /static/review/images/t.jpg HTTP/1.1" 404 1683
[29/Aug/2020 16:11:30] INFO [django.server:157] "GET /review/ HTTP/1.1" 200 2459
[29/Aug/2020 16:11:30] WARNING [django.server:157] "GET /static/review/images/t.jpg HTTP/1.1" 404 1683
[29/Aug/2020 16:11:39] INFO [django.utils.autoreload:612] Watching for file changes with StatReloader
[29/Aug/2020 16:11:41] INFO [django.server:157] "GET /review/ HTTP/1.1" 200 2459
[29/Aug/2020 16:11:41] WARNING [django.server:157] "GET /static/review/images/t.jpg HTTP/1.1" 404 1683
[29/Aug/2020 16:11:51] WARNING [django.server:157] "GET /static/review/images/t.jpg HTTP/1.1" 404 1683
[29/Aug/2020 16:12:23] INFO [django.server:157] "GET /review/ HTTP/1.1" 200 2459
[29/Aug/2020 16:12:23] WARNING [django.server:157] "GET /static/review/images/t.jpg HTTP/1.1" 404 1683
[29/Aug/2020 16:12:25] INFO [django.server:157] "GET /review/ HTTP/1.1" 200 2459
[29/Aug/2020 16:12:25] WARNING [django.server:157] "GET /static/review/images/t.jpg HTTP/1.1" 404 1683
[29/Aug/2020 16:12:31] INFO [django.server:157] "GET /review/ HTTP/1.1" 200 2468
[29/Aug/2020 16:14:14] INFO [django.utils.autoreload:612] Watching for file changes with StatReloader
[29/Aug/2020 16:14:14] INFO [django.server:157] "GET /review/ HTTP/1.1" 200 2468
[29/Aug/2020 16:15:05] INFO [django.utils.autoreload:236] E:\Learning\Coda\MRS\MovieReviewSystem\review\admin.py changed, reloading.
[29/Aug/2020 16:15:06] INFO [django.utils.autoreload:612] Watching for file changes with StatReloader
[29/Aug/2020 16:15:51] INFO [django.utils.autoreload:236] E:\Learning\Coda\MRS\MovieReviewSystem\review\admin.py changed, reloading.
[29/Aug/2020 16:15:52] INFO [django.utils.autoreload:612] Watching for file changes with StatReloader
[29/Aug/2020 16:15:56] INFO [django.server:157] "GET /review/ HTTP/1.1" 200 2468
[29/Aug/2020 16:15:59] INFO [django.server:157] "GET /review/ HTTP/1.1" 200 2468
[29/Aug/2020 16:16:03] INFO [django.server:157] "GET /admin/ HTTP/1.1" 200 4269
[29/Aug/2020 16:16:03] INFO [django.server:157] "GET /static/admin/css/base.css HTTP/1.1" 304 0
[29/Aug/2020 16:16:03] INFO [django.server:157] "GET /static/admin/css/responsive.css HTTP/1.1" 304 0
[29/Aug/2020 16:16:03] INFO [django.server:157] "GET /static/admin/css/nav_sidebar.css HTTP/1.1" 304 0
[29/Aug/2020 16:16:03] INFO [django.server:157] "GET /static/admin/css/dashboard.css HTTP/1.1" 304 0
[29/Aug/2020 16:16:03] INFO [django.server:157] "GET /static/admin/css/fonts.css HTTP/1.1" 304 0
[29/Aug/2020 16:16:03] INFO [django.server:157] "GET /static/admin/img/icon-addlink.svg HTTP/1.1" 304 0
[29/Aug/2020 16:16:03] INFO [django.server:157] "GET /static/admin/img/icon-changelink.svg HTTP/1.1" 304 0
[29/Aug/2020 16:16:03] INFO [django.server:157] "GET /static/admin/js/nav_sidebar.js HTTP/1.1" 304 0
[29/Aug/2020 16:16:03] INFO [django.server:157] "GET /static/admin/fonts/Roboto-Light-webfont.woff HTTP/1.1" 304 0
[29/Aug/2020 16:16:03] INFO [django.server:157] "GET /static/admin/fonts/Roboto-Regular-webfont.woff HTTP/1.1" 304 0
[29/Aug/2020 16:16:03] INFO [django.server:157] "GET /static/admin/fonts/Roboto-Bold-webfont.woff HTTP/1.1" 304 0
[29/Aug/2020 16:16:05] INFO [django.server:157] "GET /admin/review/movie/ HTTP/1.1" 200 4845
[29/Aug/2020 16:16:05] INFO [django.server:157] "GET /static/admin/css/changelists.css HTTP/1.1" 304 0
[29/Aug/2020 16:16:05] INFO [django.server:157] "GET /static/admin/js/core.js HTTP/1.1" 304 0
[29/Aug/2020 16:16:05] INFO [django.server:157] "GET /static/admin/js/urlify.js HTTP/1.1" 304 0
[29/Aug/2020 16:16:05] INFO [django.server:157] "GET /static/admin/js/admin/RelatedObjectLookups.js HTTP/1.1" 304 0
[29/Aug/2020 16:16:05] INFO [django.server:157] "GET /static/admin/js/vendor/xregexp/xregexp.js HTTP/1.1" 304 0
[29/Aug/2020 16:16:05] INFO [django.server:157] "GET /static/admin/js/jquery.init.js HTTP/1.1" 304 0
[29/Aug/2020 16:16:05] INFO [django.server:157] "GET /static/admin/js/actions.js HTTP/1.1" 304 0
[29/Aug/2020 16:16:05] INFO [django.server:157] "GET /static/admin/js/prepopulate.js HTTP/1.1" 304 0
[29/Aug/2020 16:16:05] INFO [django.server:157] "GET /admin/jsi18n/ HTTP/1.1" 200 3187
[29/Aug/2020 16:16:05] INFO [django.server:157] "GET /static/admin/js/vendor/jquery/jquery.js HTTP/1.1" 304 0
[29/Aug/2020 16:16:05] INFO [django.server:157] "GET /static/admin/img/tooltag-add.svg HTTP/1.1" 304 0
[29/Aug/2020 16:16:31] INFO [django.server:157] "GET / HTTP/1.1" 302 0
[29/Aug/2020 16:16:31] INFO [django.server:157] "GET /review/ HTTP/1.1" 200 2468
[29/Aug/2020 16:16:53] INFO [django.server:157] "GET /admin/ HTTP/1.1" 200 4269
[29/Aug/2020 16:16:56] INFO [django.server:157] "GET /admin/review/movie/add/ HTTP/1.1" 200 6625
[29/Aug/2020 16:16:56] INFO [django.server:157] "GET /static/admin/css/forms.css HTTP/1.1" 304 0
[29/Aug/2020 16:16:56] INFO [django.server:157] "GET /static/admin/js/prepopulate_init.js HTTP/1.1" 304 0
[29/Aug/2020 16:16:56] INFO [django.server:157] "GET /admin/jsi18n/ HTTP/1.1" 200 3187
[29/Aug/2020 16:16:56] INFO [django.server:157] "GET /static/admin/css/widgets.css HTTP/1.1" 304 0
[29/Aug/2020 16:16:56] INFO [django.server:157] "GET /static/admin/js/change_form.js HTTP/1.1" 304 0
[29/Aug/2020 16:17:29] INFO [django.server:157] "POST /admin/review/movie/add/ HTTP/1.1" 302 0
[29/Aug/2020 16:17:29] INFO [django.server:157] "GET /admin/review/movie/ HTTP/1.1" 200 6206
[29/Aug/2020 16:17:29] INFO [django.server:157] "GET /admin/jsi18n/ HTTP/1.1" 200 3187
[29/Aug/2020 16:17:29] INFO [django.server:157] "GET /static/admin/img/icon-yes.svg HTTP/1.1" 304 0
[29/Aug/2020 16:18:12] INFO [django.utils.autoreload:236] E:\Learning\Coda\MRS\MovieReviewSystem\review\views.py changed, reloading.
[29/Aug/2020 16:18:13] INFO [django.utils.autoreload:612] Watching for file changes with StatReloader
[29/Aug/2020 16:18:28] INFO [django.utils.autoreload:236] E:\Learning\Coda\MRS\MovieReviewSystem\review\views.py changed, reloading.
[29/Aug/2020 16:18:29] INFO [django.utils.autoreload:612] Watching for file changes with StatReloader
[29/Aug/2020 16:23:40] INFO [django.utils.autoreload:612] Watching for file changes with StatReloader
[29/Aug/2020 16:24:06] INFO [django.utils.autoreload:236] E:\Learning\Coda\MRS\MovieReviewSystem\review\views.py changed, reloading.
[29/Aug/2020 16:24:07] INFO [django.utils.autoreload:612] Watching for file changes with StatReloader
[29/Aug/2020 16:24:14] INFO [django.server:157] "GET / HTTP/1.1" 302 0
[29/Aug/2020 16:24:14] INFO [django.server:157] "GET /review/ HTTP/1.1" 200 2477
[29/Aug/2020 16:24:21] INFO [django.server:157] "GET /admin/review/movie/ HTTP/1.1" 200 6000
[29/Aug/2020 16:24:24] INFO [django.server:157] "GET / HTTP/1.1" 302 0
[29/Aug/2020 16:24:24] INFO [django.server:157] "GET /review/ HTTP/1.1" 200 2477
[29/Aug/2020 16:25:18] INFO [django.server:157] "GET /review/ HTTP/1.1" 200 2477
[29/Aug/2020 16:26:33] INFO [django.server:157] "GET /review/ HTTP/1.1" 200 2321
[29/Aug/2020 16:26:41] INFO [django.server:157] "GET /review/ HTTP/1.1" 200 2385
[29/Aug/2020 16:27:29] INFO [django.server:157] "GET /admin/ HTTP/1.1" 200 4561
[29/Aug/2020 16:27:35] INFO [django.server:157] "GET /admin/review/movie/ HTTP/1.1" 200 6000
[29/Aug/2020 16:27:35] INFO [django.server:157] "GET /admin/jsi18n/ HTTP/1.1" 200 3187
[29/Aug/2020 16:27:39] INFO [django.server:157] "GET /admin/review/movie/add/ HTTP/1.1" 200 6625
[29/Aug/2020 16:27:39] INFO [django.server:157] "GET /admin/jsi18n/ HTTP/1.1" 200 3187
[29/Aug/2020 16:28:21] INFO [django.server:157] "POST /admin/review/movie/add/ HTTP/1.1" 302 0
[29/Aug/2020 16:28:21] INFO [django.server:157] "GET /admin/review/movie/ HTTP/1.1" 200 6422
[29/Aug/2020 16:28:21] INFO [django.server:157] "GET /admin/jsi18n/ HTTP/1.1" 200 3187
[29/Aug/2020 16:28:24] INFO [django.server:157] "GET /review/ HTTP/1.1" 200 2448
[29/Aug/2020 16:33:35] INFO [django.utils.autoreload:236] E:\Learning\Coda\MRS\MovieReviewSystem\review\views.py changed, reloading.
[29/Aug/2020 16:33:37] INFO [django.utils.autoreload:612] Watching for file changes with StatReloader
[29/Aug/2020 16:34:37] INFO [django.utils.autoreload:236] E:\Learning\Coda\MRS\MovieReviewSystem\review\views.py changed, reloading.
[29/Aug/2020 16:34:42] INFO [django.utils.autoreload:612] Watching for file changes with StatReloader
[29/Aug/2020 16:37:03] INFO [django.server:157] "GET /review/ HTTP/1.1" 200 2456
[29/Aug/2020 16:37:17] INFO [django.server:157] "GET / HTTP/1.1" 302 0
[29/Aug/2020 16:37:17] INFO [django.server:157] "GET /review/ HTTP/1.1" 200 2456
[29/Aug/2020 16:37:23] INFO [django.server:157] "GET /review/ HTTP/1.1" 200 2456
[29/Aug/2020 16:37:25] INFO [django.server:157] "GET /review/ HTTP/1.1" 200 2456
[29/Aug/2020 16:39:49] INFO [django.server:157] "GET /review/ HTTP/1.1" 200 2657
[29/Aug/2020 16:41:22] INFO [django.server:157] "GET /review/ HTTP/1.1" 200 2643
[29/Aug/2020 16:42:37] INFO [django.utils.autoreload:236] E:\Learning\Coda\MRS\MovieReviewSystem\review\views.py changed, reloading.
[29/Aug/2020 16:42:42] INFO [django.utils.autoreload:612] Watching for file changes with StatReloader
[29/Aug/2020 16:42:48] WARNING [django.request:224] Not Found: /review/logout/
[29/Aug/2020 16:42:48] WARNING [django.server:157] "GET /review/logout/ HTTP/1.1" 404 2408
[29/Aug/2020 16:45:26] INFO [django.utils.autoreload:236] E:\Learning\Coda\MRS\MovieReviewSystem\MovieReviewSystem\urls.py changed, reloading.
[29/Aug/2020 16:45:31] INFO [django.utils.autoreload:612] Watching for file changes with StatReloader
[29/Aug/2020 16:45:46] INFO [django.utils.autoreload:236] E:\Learning\Coda\MRS\MovieReviewSystem\MovieReviewSystem\urls.py changed, reloading.
[29/Aug/2020 16:45:52] INFO [django.utils.autoreload:612] Watching for file changes with StatReloader
[29/Aug/2020 16:46:15] INFO [django.utils.autoreload:236] E:\Learning\Coda\MRS\MovieReviewSystem\review\urls.py changed, reloading.
[29/Aug/2020 16:46:21] INFO [django.utils.autoreload:612] Watching for file changes with StatReloader
[29/Aug/2020 16:46:26] ERROR [django.request:224] Internal Server Error: /review/logout/
Traceback (most recent call last):
  File "C:\Users\Naveen Selvaraj\AppData\Local\Programs\Python\Python38\lib\site-packages\django\core\handlers\exception.py", line 47, in inner
    response = get_response(request)
  File "C:\Users\Naveen Selvaraj\AppData\Local\Programs\Python\Python38\lib\site-packages\django\core\handlers\base.py", line 179, in _get_response
    response = wrapped_callback(request, *callback_args, **callback_kwargs)
  File "C:\Users\Naveen Selvaraj\AppData\Local\Programs\Python\Python38\lib\site-packages\django\contrib\auth\decorators.py", line 21, in _wrapped_view
    return view_func(request, *args, **kwargs)
  File "E:\Learning\Coda\MRS\MovieReviewSystem\review\views.py", line 61, in logout_user
    logout(request)
NameError: name 'logout' is not defined
[29/Aug/2020 16:46:26] ERROR [django.server:157] "GET /review/logout/ HTTP/1.1" 500 72583
[29/Aug/2020 16:46:30] INFO [django.server:157] "GET / HTTP/1.1" 302 0
[29/Aug/2020 16:46:30] INFO [django.server:157] "GET /review/ HTTP/1.1" 200 2643
[29/Aug/2020 16:46:35] ERROR [django.request:224] Internal Server Error: /review/logout/
Traceback (most recent call last):
  File "C:\Users\Naveen Selvaraj\AppData\Local\Programs\Python\Python38\lib\site-packages\django\core\handlers\exception.py", line 47, in inner
    response = get_response(request)
  File "C:\Users\Naveen Selvaraj\AppData\Local\Programs\Python\Python38\lib\site-packages\django\core\handlers\base.py", line 179, in _get_response
    response = wrapped_callback(request, *callback_args, **callback_kwargs)
  File "C:\Users\Naveen Selvaraj\AppData\Local\Programs\Python\Python38\lib\site-packages\django\contrib\auth\decorators.py", line 21, in _wrapped_view
    return view_func(request, *args, **kwargs)
  File "E:\Learning\Coda\MRS\MovieReviewSystem\review\views.py", line 61, in logout_user
    logout(request)
NameError: name 'logout' is not defined
[29/Aug/2020 16:46:35] ERROR [django.server:157] "GET /review/logout/ HTTP/1.1" 500 72729
[29/Aug/2020 16:46:50] INFO [django.utils.autoreload:236] E:\Learning\Coda\MRS\MovieReviewSystem\MovieReviewSystem\urls.py changed, reloading.
[29/Aug/2020 16:46:55] INFO [django.utils.autoreload:612] Watching for file changes with StatReloader
[29/Aug/2020 16:47:04] INFO [django.utils.autoreload:236] E:\Learning\Coda\MRS\MovieReviewSystem\review\views.py changed, reloading.
[29/Aug/2020 16:47:08] INFO [django.utils.autoreload:612] Watching for file changes with StatReloader
[29/Aug/2020 16:47:08] INFO [django.server:157] "GET / HTTP/1.1" 302 0
[29/Aug/2020 16:47:08] INFO [django.server:157] "GET /review/ HTTP/1.1" 200 2643
[29/Aug/2020 16:47:11] ERROR [django.request:224] Internal Server Error: /review/logout/
Traceback (most recent call last):
  File "C:\Users\Naveen Selvaraj\AppData\Local\Programs\Python\Python38\lib\site-packages\django\core\handlers\exception.py", line 47, in inner
    response = get_response(request)
  File "C:\Users\Naveen Selvaraj\AppData\Local\Programs\Python\Python38\lib\site-packages\django\core\handlers\base.py", line 179, in _get_response
    response = wrapped_callback(request, *callback_args, **callback_kwargs)
  File "C:\Users\Naveen Selvaraj\AppData\Local\Programs\Python\Python38\lib\site-packages\django\contrib\auth\decorators.py", line 21, in _wrapped_view
    return view_func(request, *args, **kwargs)
  File "E:\Learning\Coda\MRS\MovieReviewSystem\review\views.py", line 61, in logout_user
    logout(request)
NameError: name 'logout' is not defined
[29/Aug/2020 16:47:11] ERROR [django.server:157] "GET /review/logout/ HTTP/1.1" 500 72729
[29/Aug/2020 16:48:03] INFO [django.utils.autoreload:236] E:\Learning\Coda\MRS\MovieReviewSystem\review\views.py changed, reloading.
[29/Aug/2020 16:48:07] INFO [django.utils.autoreload:612] Watching for file changes with StatReloader
[29/Aug/2020 16:48:09] INFO [django.server:157] "GET / HTTP/1.1" 302 0
[29/Aug/2020 16:48:09] INFO [django.server:157] "GET /review/ HTTP/1.1" 200 2643
[29/Aug/2020 16:48:12] INFO [django.server:157] "GET /review/logout/ HTTP/1.1" 302 0
[29/Aug/2020 16:48:12] INFO [django.server:157] "GET / HTTP/1.1" 200 4377
[29/Aug/2020 16:48:41] INFO [django.server:157] "POST / HTTP/1.1" 302 0
[29/Aug/2020 16:48:41] INFO [django.server:157] "GET /review/ HTTP/1.1" 200 1277
[29/Aug/2020 16:48:48] INFO [django.server:157] "GET /review/logout/ HTTP/1.1" 302 0
[29/Aug/2020 16:48:48] INFO [django.server:157] "GET / HTTP/1.1" 200 4377
[29/Aug/2020 16:48:54] INFO [django.server:157] "POST / HTTP/1.1" 302 0
[29/Aug/2020 16:48:54] INFO [django.server:157] "GET /review/ HTTP/1.1" 200 2643
[29/Aug/2020 17:07:00] INFO [django.utils.autoreload:236] E:\Learning\Coda\MRS\MovieReviewSystem\review\views.py changed, reloading.
[29/Aug/2020 17:07:03] INFO [django.utils.autoreload:612] Watching for file changes with StatReloader
[29/Aug/2020 17:07:33] INFO [django.utils.autoreload:236] E:\Learning\Coda\MRS\MovieReviewSystem\review\views.py changed, reloading.
[29/Aug/2020 17:07:36] INFO [django.utils.autoreload:612] Watching for file changes with StatReloader
[29/Aug/2020 17:07:42] INFO [django.utils.autoreload:236] E:\Learning\Coda\MRS\MovieReviewSystem\review\views.py changed, reloading.
[29/Aug/2020 17:07:45] INFO [django.utils.autoreload:612] Watching for file changes with StatReloader
[29/Aug/2020 17:07:53] INFO [django.utils.autoreload:236] E:\Learning\Coda\MRS\MovieReviewSystem\review\views.py changed, reloading.
[29/Aug/2020 17:07:56] INFO [django.utils.autoreload:612] Watching for file changes with StatReloader
[29/Aug/2020 17:08:14] INFO [django.utils.autoreload:236] E:\Learning\Coda\MRS\MovieReviewSystem\review\views.py changed, reloading.
[29/Aug/2020 17:08:16] INFO [django.utils.autoreload:612] Watching for file changes with StatReloader
[29/Aug/2020 17:10:14] INFO [django.utils.autoreload:236] E:\Learning\Coda\MRS\MovieReviewSystem\review\views.py changed, reloading.
[29/Aug/2020 17:10:17] INFO [django.utils.autoreload:612] Watching for file changes with StatReloader
[29/Aug/2020 17:10:38] INFO [django.utils.autoreload:236] E:\Learning\Coda\MRS\MovieReviewSystem\review\views.py changed, reloading.
[29/Aug/2020 17:10:41] INFO [django.utils.autoreload:612] Watching for file changes with StatReloader
[29/Aug/2020 17:11:11] INFO [django.utils.autoreload:236] E:\Learning\Coda\MRS\MovieReviewSystem\review\views.py changed, reloading.
[29/Aug/2020 17:11:14] INFO [django.utils.autoreload:612] Watching for file changes with StatReloader
[29/Aug/2020 17:11:25] INFO [django.utils.autoreload:236] E:\Learning\Coda\MRS\MovieReviewSystem\review\views.py changed, reloading.
[29/Aug/2020 17:11:28] INFO [django.utils.autoreload:612] Watching for file changes with StatReloader
[29/Aug/2020 17:11:36] INFO [django.utils.autoreload:236] E:\Learning\Coda\MRS\MovieReviewSystem\review\views.py changed, reloading.
[29/Aug/2020 17:11:38] INFO [django.utils.autoreload:612] Watching for file changes with StatReloader
[29/Aug/2020 17:13:35] INFO [django.utils.autoreload:236] E:\Learning\Coda\MRS\MovieReviewSystem\review\views.py changed, reloading.
[29/Aug/2020 17:13:38] INFO [django.utils.autoreload:612] Watching for file changes with StatReloader
[29/Aug/2020 17:16:20] INFO [django.utils.autoreload:236] E:\Learning\Coda\MRS\MovieReviewSystem\review\views.py changed, reloading.
[29/Aug/2020 17:16:22] INFO [django.utils.autoreload:612] Watching for file changes with StatReloader
[29/Aug/2020 17:20:38] INFO [django.utils.autoreload:236] E:\Learning\Coda\MRS\MovieReviewSystem\review\views.py changed, reloading.
[29/Aug/2020 17:20:41] INFO [django.utils.autoreload:612] Watching for file changes with StatReloader
[29/Aug/2020 17:20:45] INFO [django.utils.autoreload:236] E:\Learning\Coda\MRS\MovieReviewSystem\review\views.py changed, reloading.
[29/Aug/2020 17:20:47] INFO [django.utils.autoreload:612] Watching for file changes with StatReloader
[29/Aug/2020 17:21:34] INFO [django.utils.autoreload:236] E:\Learning\Coda\MRS\MovieReviewSystem\review\views.py changed, reloading.
[29/Aug/2020 17:21:36] INFO [django.utils.autoreload:612] Watching for file changes with StatReloader
[29/Aug/2020 17:22:32] INFO [django.utils.autoreload:236] E:\Learning\Coda\MRS\MovieReviewSystem\review\views.py changed, reloading.
[29/Aug/2020 17:22:34] INFO [django.utils.autoreload:612] Watching for file changes with StatReloader
[29/Aug/2020 17:22:53] INFO [django.utils.autoreload:236] E:\Learning\Coda\MRS\MovieReviewSystem\review\views.py changed, reloading.
[29/Aug/2020 17:22:56] INFO [django.utils.autoreload:612] Watching for file changes with StatReloader
[29/Aug/2020 17:23:33] INFO [django.utils.autoreload:236] E:\Learning\Coda\MRS\MovieReviewSystem\review\views.py changed, reloading.
[29/Aug/2020 17:23:37] INFO [django.utils.autoreload:612] Watching for file changes with StatReloader
[29/Aug/2020 17:23:59] INFO [django.utils.autoreload:236] E:\Learning\Coda\MRS\MovieReviewSystem\review\views.py changed, reloading.
[29/Aug/2020 17:24:02] INFO [django.utils.autoreload:612] Watching for file changes with StatReloader
[29/Aug/2020 17:25:12] INFO [django.utils.autoreload:236] E:\Learning\Coda\MRS\MovieReviewSystem\review\views.py changed, reloading.
[29/Aug/2020 17:25:14] INFO [django.utils.autoreload:612] Watching for file changes with StatReloader
[29/Aug/2020 17:25:30] INFO [django.utils.autoreload:236] E:\Learning\Coda\MRS\MovieReviewSystem\review\views.py changed, reloading.
[29/Aug/2020 17:25:32] INFO [django.utils.autoreload:612] Watching for file changes with StatReloader
[29/Aug/2020 17:27:26] INFO [django.utils.autoreload:236] E:\Learning\Coda\MRS\MovieReviewSystem\review\views.py changed, reloading.
[29/Aug/2020 17:27:28] INFO [django.utils.autoreload:612] Watching for file changes with StatReloader
[29/Aug/2020 17:27:42] INFO [django.utils.autoreload:236] E:\Learning\Coda\MRS\MovieReviewSystem\review\views.py changed, reloading.
[29/Aug/2020 17:27:44] INFO [django.utils.autoreload:612] Watching for file changes with StatReloader
[29/Aug/2020 17:28:22] INFO [django.utils.autoreload:236] E:\Learning\Coda\MRS\MovieReviewSystem\review\views.py changed, reloading.
[29/Aug/2020 17:28:25] INFO [django.utils.autoreload:612] Watching for file changes with StatReloader
[29/Aug/2020 17:28:32] INFO [django.utils.autoreload:236] E:\Learning\Coda\MRS\MovieReviewSystem\review\views.py changed, reloading.
[29/Aug/2020 17:28:35] INFO [django.utils.autoreload:612] Watching for file changes with StatReloader
[29/Aug/2020 17:29:28] INFO [django.utils.autoreload:236] E:\Learning\Coda\MRS\MovieReviewSystem\review\views.py changed, reloading.
[29/Aug/2020 17:29:30] INFO [django.utils.autoreload:612] Watching for file changes with StatReloader
[29/Aug/2020 17:29:32] INFO [django.utils.autoreload:236] E:\Learning\Coda\MRS\MovieReviewSystem\review\views.py changed, reloading.
[29/Aug/2020 17:29:35] INFO [django.utils.autoreload:612] Watching for file changes with StatReloader
[29/Aug/2020 17:30:10] INFO [django.utils.autoreload:236] E:\Learning\Coda\MRS\MovieReviewSystem\review\views.py changed, reloading.
[29/Aug/2020 17:30:12] INFO [django.utils.autoreload:612] Watching for file changes with StatReloader
[29/Aug/2020 17:31:45] INFO [django.utils.autoreload:612] Watching for file changes with StatReloader
[29/Aug/2020 17:32:09] ERROR [django.request:224] Internal Server Error: /review/
Traceback (most recent call last):
  File "C:\Users\Naveen Selvaraj\AppData\Local\Programs\Python\Python38\lib\site-packages\django\core\handlers\exception.py", line 47, in inner
    response = get_response(request)
  File "C:\Users\Naveen Selvaraj\AppData\Local\Programs\Python\Python38\lib\site-packages\django\core\handlers\base.py", line 179, in _get_response
    response = wrapped_callback(request, *callback_args, **callback_kwargs)
  File "C:\Users\Naveen Selvaraj\AppData\Local\Programs\Python\Python38\lib\site-packages\django\contrib\auth\decorators.py", line 21, in _wrapped_view
    return view_func(request, *args, **kwargs)
  File "E:\Learning\Coda\MRS\MovieReviewSystem\review\views.py", line 56, in dashboard
    movies=Movie.objects.all()
UnboundLocalError: local variable 'Movie' referenced before assignment
[29/Aug/2020 17:32:09] ERROR [django.server:157] "GET /review/ HTTP/1.1" 500 74160
[29/Aug/2020 17:32:14] INFO [django.server:157] "GET / HTTP/1.1" 302 0
[29/Aug/2020 17:32:14] ERROR [django.request:224] Internal Server Error: /review/
Traceback (most recent call last):
  File "C:\Users\Naveen Selvaraj\AppData\Local\Programs\Python\Python38\lib\site-packages\django\core\handlers\exception.py", line 47, in inner
    response = get_response(request)
  File "C:\Users\Naveen Selvaraj\AppData\Local\Programs\Python\Python38\lib\site-packages\django\core\handlers\base.py", line 179, in _get_response
    response = wrapped_callback(request, *callback_args, **callback_kwargs)
  File "C:\Users\Naveen Selvaraj\AppData\Local\Programs\Python\Python38\lib\site-packages\django\contrib\auth\decorators.py", line 21, in _wrapped_view
    return view_func(request, *args, **kwargs)
  File "E:\Learning\Coda\MRS\MovieReviewSystem\review\views.py", line 56, in dashboard
    movies=Movie.objects.all()
UnboundLocalError: local variable 'Movie' referenced before assignment
[29/Aug/2020 17:32:14] ERROR [django.server:157] "GET /review/ HTTP/1.1" 500 73872
[29/Aug/2020 17:32:18] INFO [django.server:157] "GET / HTTP/1.1" 302 0
[29/Aug/2020 17:32:18] ERROR [django.request:224] Internal Server Error: /review/
Traceback (most recent call last):
  File "C:\Users\Naveen Selvaraj\AppData\Local\Programs\Python\Python38\lib\site-packages\django\core\handlers\exception.py", line 47, in inner
    response = get_response(request)
  File "C:\Users\Naveen Selvaraj\AppData\Local\Programs\Python\Python38\lib\site-packages\django\core\handlers\base.py", line 179, in _get_response
    response = wrapped_callback(request, *callback_args, **callback_kwargs)
  File "C:\Users\Naveen Selvaraj\AppData\Local\Programs\Python\Python38\lib\site-packages\django\contrib\auth\decorators.py", line 21, in _wrapped_view
    return view_func(request, *args, **kwargs)
  File "E:\Learning\Coda\MRS\MovieReviewSystem\review\views.py", line 56, in dashboard
    movies=Movie.objects.all()
UnboundLocalError: local variable 'Movie' referenced before assignment
[29/Aug/2020 17:32:18] ERROR [django.server:157] "GET /review/ HTTP/1.1" 500 73872
[29/Aug/2020 17:36:44] INFO [django.server:157] "GET / HTTP/1.1" 302 0
[29/Aug/2020 17:36:44] ERROR [django.request:224] Internal Server Error: /review/
Traceback (most recent call last):
  File "C:\Users\Naveen Selvaraj\AppData\Local\Programs\Python\Python38\lib\site-packages\django\core\handlers\exception.py", line 47, in inner
    response = get_response(request)
  File "C:\Users\Naveen Selvaraj\AppData\Local\Programs\Python\Python38\lib\site-packages\django\core\handlers\base.py", line 179, in _get_response
    response = wrapped_callback(request, *callback_args, **callback_kwargs)
  File "C:\Users\Naveen Selvaraj\AppData\Local\Programs\Python\Python38\lib\site-packages\django\contrib\auth\decorators.py", line 21, in _wrapped_view
    return view_func(request, *args, **kwargs)
  File "E:\Learning\Coda\MRS\MovieReviewSystem\review\views.py", line 56, in dashboard
    movies=Movie.objects.all()
UnboundLocalError: local variable 'Movie' referenced before assignment
[29/Aug/2020 17:36:44] ERROR [django.server:157] "GET /review/ HTTP/1.1" 500 73872
[29/Aug/2020 17:38:01] INFO [django.utils.autoreload:236] E:\Learning\Coda\MRS\MovieReviewSystem\review\views.py changed, reloading.
[29/Aug/2020 17:38:04] INFO [django.utils.autoreload:612] Watching for file changes with StatReloader
[29/Aug/2020 17:38:29] INFO [django.server:157] "GET / HTTP/1.1" 302 0
[29/Aug/2020 17:38:29] INFO [django.server:157] "GET /review/ HTTP/1.1" 200 2643
[29/Aug/2020 17:42:13] INFO [django.server:157] "GET /review/ HTTP/1.1" 200 2635
[29/Aug/2020 17:42:16] INFO [django.server:157] "GET /review/ HTTP/1.1" 200 2635
[29/Aug/2020 17:42:29] INFO [django.server:157] "GET /review/?csrfmiddlewaretoken=DGaE4rClpcDFNLUInCUy5cRyzg1xkwPk9QMkVSmlkUwANQEyqFZJDC8Ng1v09QMO&movietitle=dark&poster=sabash.PNG&synopsis=super HTTP/1.1" 200 2635
[29/Aug/2020 17:44:22] INFO [django.server:157] "GET / HTTP/1.1" 302 0
[29/Aug/2020 17:44:23] INFO [django.server:157] "GET /review/ HTTP/1.1" 200 2649
[29/Aug/2020 17:44:34] ERROR [django.request:224] Internal Server Error: /review/
Traceback (most recent call last):
  File "C:\Users\Naveen Selvaraj\AppData\Local\Programs\Python\Python38\lib\site-packages\django\core\handlers\exception.py", line 47, in inner
    response = get_response(request)
  File "C:\Users\Naveen Selvaraj\AppData\Local\Programs\Python\Python38\lib\site-packages\django\core\handlers\base.py", line 179, in _get_response
    response = wrapped_callback(request, *callback_args, **callback_kwargs)
  File "C:\Users\Naveen Selvaraj\AppData\Local\Programs\Python\Python38\lib\site-packages\django\contrib\auth\decorators.py", line 21, in _wrapped_view
    return view_func(request, *args, **kwargs)
  File "E:\Learning\Coda\MRS\MovieReviewSystem\review\views.py", line 59, in dashboard
    form = OTAForm(request.POST, request.FILES)
NameError: name 'OTAForm' is not defined
[29/Aug/2020 17:44:34] ERROR [django.server:157] "POST /review/ HTTP/1.1" 500 74868
[29/Aug/2020 17:45:11] INFO [django.utils.autoreload:236] E:\Learning\Coda\MRS\MovieReviewSystem\review\views.py changed, reloading.
[29/Aug/2020 17:45:15] INFO [django.utils.autoreload:612] Watching for file changes with StatReloader
[29/Aug/2020 17:45:26] INFO [django.server:157] "GET / HTTP/1.1" 302 0
[29/Aug/2020 17:45:26] INFO [django.server:157] "GET /review/ HTTP/1.1" 200 2649
[29/Aug/2020 17:45:40] ERROR [django.request:224] Internal Server Error: /review/
Traceback (most recent call last):
  File "C:\Users\Naveen Selvaraj\AppData\Local\Programs\Python\Python38\lib\site-packages\django\core\handlers\exception.py", line 47, in inner
    response = get_response(request)
  File "C:\Users\Naveen Selvaraj\AppData\Local\Programs\Python\Python38\lib\site-packages\django\core\handlers\base.py", line 186, in _get_response
    self.check_response(response, callback)
  File "C:\Users\Naveen Selvaraj\AppData\Local\Programs\Python\Python38\lib\site-packages\django\core\handlers\base.py", line 307, in check_response
    raise ValueError(
ValueError: The view review.views.dashboard didn't return an HttpResponse object. It returned None instead.
[29/Aug/2020 17:45:40] ERROR [django.server:157] "POST /review/ HTTP/1.1" 500 70730
[29/Aug/2020 17:46:31] INFO [django.utils.autoreload:236] E:\Learning\Coda\MRS\MovieReviewSystem\review\views.py changed, reloading.
[29/Aug/2020 17:46:33] INFO [django.utils.autoreload:612] Watching for file changes with StatReloader
[29/Aug/2020 17:47:42] INFO [django.utils.autoreload:236] E:\Learning\Coda\MRS\MovieReviewSystem\review\views.py changed, reloading.
[29/Aug/2020 17:47:46] INFO [django.utils.autoreload:612] Watching for file changes with StatReloader
[29/Aug/2020 17:48:09] INFO [django.utils.autoreload:236] E:\Learning\Coda\MRS\MovieReviewSystem\review\views.py changed, reloading.
[29/Aug/2020 17:48:11] INFO [django.utils.autoreload:612] Watching for file changes with StatReloader
[29/Aug/2020 17:48:17] INFO [django.server:157] "POST /review/ HTTP/1.1" 200 1277
[29/Aug/2020 17:48:43] INFO [django.server:157] "GET / HTTP/1.1" 302 0
[29/Aug/2020 17:48:43] INFO [django.server:157] "GET /review/ HTTP/1.1" 200 2649
[29/Aug/2020 17:48:56] INFO [django.server:157] "POST /review/ HTTP/1.1" 200 1277
[29/Aug/2020 17:49:10] INFO [django.server:157] "GET / HTTP/1.1" 302 0
[29/Aug/2020 17:49:10] INFO [django.server:157] "GET /review/ HTTP/1.1" 200 2649
[29/Aug/2020 17:50:20] INFO [django.utils.autoreload:236] E:\Learning\Coda\MRS\MovieReviewSystem\review\forms.py changed, reloading.
[29/Aug/2020 17:50:23] INFO [django.utils.autoreload:612] Watching for file changes with StatReloader
[29/Aug/2020 17:50:27] INFO [django.server:157] "GET /review/ HTTP/1.1" 200 2649
[29/Aug/2020 17:50:40] INFO [django.server:157] "POST /review/ HTTP/1.1" 200 1277
[29/Aug/2020 17:53:40] INFO [django.utils.autoreload:236] E:\Learning\Coda\MRS\MovieReviewSystem\review\views.py changed, reloading.
[29/Aug/2020 17:53:43] INFO [django.utils.autoreload:612] Watching for file changes with StatReloader
[29/Aug/2020 17:54:17] INFO [django.utils.autoreload:236] E:\Learning\Coda\MRS\MovieReviewSystem\review\views.py changed, reloading.
[29/Aug/2020 17:54:19] INFO [django.utils.autoreload:612] Watching for file changes with StatReloader
[29/Aug/2020 17:55:08] INFO [django.utils.autoreload:236] E:\Learning\Coda\MRS\MovieReviewSystem\review\views.py changed, reloading.
[29/Aug/2020 17:55:11] INFO [django.utils.autoreload:612] Watching for file changes with StatReloader
[29/Aug/2020 17:55:14] INFO [django.server:157] "GET / HTTP/1.1" 302 0
[29/Aug/2020 17:55:14] INFO [django.server:157] "GET /review/ HTTP/1.1" 200 2649
[29/Aug/2020 17:55:26] INFO [django.server:157] "POST /review/ HTTP/1.1" 200 2913
[29/Aug/2020 17:55:36] INFO [django.server:157] "POST /review/ HTTP/1.1" 200 2913
[29/Aug/2020 17:55:47] INFO [django.server:157] "POST /review/ HTTP/1.1" 200 2913
[29/Aug/2020 17:58:31] INFO [django.server:157] "POST /review/ HTTP/1.1" 200 2944
[29/Aug/2020 17:58:42] INFO [django.server:157] "POST /review/ HTTP/1.1" 200 2944
[29/Aug/2020 17:58:47] INFO [django.server:157] "GET / HTTP/1.1" 302 0
[29/Aug/2020 17:58:47] INFO [django.server:157] "GET /review/ HTTP/1.1" 200 2680
[29/Aug/2020 17:58:59] ERROR [django.request:224] Internal Server Error: /review/
Traceback (most recent call last):
  File "C:\Users\Naveen Selvaraj\AppData\Local\Programs\Python\Python38\lib\site-packages\django\core\handlers\exception.py", line 47, in inner
    response = get_response(request)
  File "C:\Users\Naveen Selvaraj\AppData\Local\Programs\Python\Python38\lib\site-packages\django\core\handlers\base.py", line 179, in _get_response
    response = wrapped_callback(request, *callback_args, **callback_kwargs)
  File "C:\Users\Naveen Selvaraj\AppData\Local\Programs\Python\Python38\lib\site-packages\django\contrib\auth\decorators.py", line 21, in _wrapped_view
    return view_func(request, *args, **kwargs)
  File "E:\Learning\Coda\MRS\MovieReviewSystem\review\views.py", line 68, in dashboard
    s3_object.put_object(Key=poster.name, Body=poster)
NameError: name 's3_object' is not defined
[29/Aug/2020 17:58:59] ERROR [django.server:157] "POST /review/ HTTP/1.1" 500 76449
[29/Aug/2020 17:59:35] INFO [django.utils.autoreload:236] E:\Learning\Coda\MRS\MovieReviewSystem\review\views.py changed, reloading.
[29/Aug/2020 17:59:38] INFO [django.utils.autoreload:612] Watching for file changes with StatReloader
[29/Aug/2020 17:59:42] INFO [django.server:157] "GET /review/ HTTP/1.1" 200 2680
[29/Aug/2020 17:59:54] INFO [django.server:157] "POST /review/ HTTP/1.1" 200 2768
